<?xml version="1.0" encoding="UTF-8"?>
<coverage generated="1693922857637" clover="3.2.0">
  <project timestamp="1693922857637" name="All files">
    <metrics statements="30" coveredstatements="30" conditionals="10" coveredconditionals="10" methods="4" coveredmethods="4" elements="44" coveredelements="44" complexity="0" loc="30" ncloc="30" packages="1" files="3" classes="3"/>
    <file name="QuestionOne.js" path="C:\Users\YOGI\Documents\WORK\TASK 1\task\QuestionOne.js">
      <metrics statements="9" coveredstatements="9" conditionals="2" coveredconditionals="2" methods="1" coveredmethods="1"/>
      <line num="2" count="1" type="stmt"/>
      <line num="4" count="1" type="stmt"/>
      <line num="5" count="7" type="stmt"/>
      <line num="6" count="28" type="cond" truecount="2" falsecount="0"/>
      <line num="7" count="12" type="stmt"/>
      <line num="8" count="12" type="stmt"/>
      <line num="9" count="12" type="stmt"/>
      <line num="14" count="1" type="stmt"/>
      <line num="17" count="1" type="stmt"/>
    </file>
    <file name="QuestionThree.js" path="C:\Users\YOGI\Documents\WORK\TASK 1\task\QuestionThree.js">
      <metrics statements="9" coveredstatements="9" conditionals="6" coveredconditionals="6" methods="2" coveredmethods="2"/>
      <line num="2" count="3" type="stmt"/>
      <line num="5" count="18" type="stmt"/>
      <line num="6" count="39" type="cond" truecount="2" falsecount="0"/>
      <line num="7" count="15" type="stmt"/>
      <line num="8" count="24" type="cond" truecount="4" falsecount="0"/>
      <line num="9" count="8" type="stmt"/>
      <line num="14" count="3" type="stmt"/>
      <line num="15" count="3" type="stmt"/>
      <line num="18" count="1" type="stmt"/>
    </file>
    <file name="QuestionTwo.js" path="C:\Users\YOGI\Documents\WORK\TASK 1\task\QuestionTwo.js">
      <metrics statements="12" coveredstatements="12" conditionals="2" coveredconditionals="2" methods="1" coveredmethods="1"/>
      <line num="2" count="5" type="cond" truecount="2" falsecount="0"/>
      <line num="3" count="2" type="stmt"/>
      <line num="6" count="3" type="stmt"/>
      <line num="7" count="3" type="stmt"/>
      <line num="9" count="3" type="stmt"/>
      <line num="10" count="8" type="stmt"/>
      <line num="13" count="3" type="stmt"/>
      <line num="15" count="3" type="stmt"/>
      <line num="16" count="11" type="stmt"/>
      <line num="17" count="11" type="stmt"/>
      <line num="20" count="3" type="stmt"/>
      <line num="23" count="1" type="stmt"/>
    </file>
  </project>
</coverage>
