TN:
SF:task\QuestionOne.js
FN:1,manualSortDescending
FNF:1
FNH:1
FNDA:1,manualSortDescending
DA:2,1
DA:4,1
DA:5,7
DA:6,28
DA:7,12
DA:8,12
DA:9,12
DA:14,1
DA:17,1
LF:9
LH:9
BRDA:6,0,0,12
BRDA:6,0,1,16
BRF:2
BRH:2
end_of_record
TN:
SF:task\QuestionThree.js
FN:1,sumEvenNumbers
FN:4,traverseObject
FNF:2
FNH:2
FNDA:3,sumEvenNumbers
FNDA:18,traverseObject
DA:2,3
DA:5,18
DA:6,39
DA:7,15
DA:8,24
DA:9,8
DA:14,3
DA:15,3
DA:18,1
LF:9
LH:9
BRDA:6,0,0,15
BRDA:6,0,1,24
BRDA:8,1,0,8
BRDA:8,1,1,16
BRDA:8,2,0,24
BRDA:8,2,1,18
BRF:6
BRH:6
end_of_record
TN:
SF:task\QuestionTwo.js
FN:1,maxSubarraySum
FNF:1
FNH:1
FNDA:5,maxSubarraySum
DA:2,5
DA:3,2
DA:6,3
DA:7,3
DA:9,3
DA:10,8
DA:13,3
DA:15,3
DA:16,11
DA:17,11
DA:20,3
DA:23,1
LF:12
LH:12
BRDA:2,0,0,2
BRDA:2,0,1,3
BRF:2
BRH:2
end_of_record
